2022-04-26 10:18:21 [INFO ] [Hooks] - [setUp] Scenario Started: Verify whether the user is able to login with valid credentials
2022-04-26 10:18:21 [INFO ] [Browser] - [startBrowser] Selected Browser is: chrome
2022-04-26 10:18:27 [INFO ] [Browser] - [startBrowser] Chrome Browser is Started2079278380
2022-04-26 10:18:32 [INFO ] [Hooks] - [closeBrowser] Scenario Completed: Verify whether the user is able to login with valid credentials
2022-04-26 10:18:32 [INFO ] [Hooks] - [closeBrowser] Scenario Status is: PASSED
2022-04-26 10:18:33 [INFO ] [Hooks] - [setUp] Scenario Started: Verify whether user is able to login with invalid credentials
2022-04-26 10:18:33 [INFO ] [Browser] - [startBrowser] Selected Browser is: chrome
2022-04-26 10:18:35 [INFO ] [Browser] - [startBrowser] Chrome Browser is Started1063723524
2022-04-26 10:18:42 [INFO ] [Hooks] - [closeBrowser] Scenario Completed: Verify whether user is able to login with invalid credentials
2022-04-26 10:18:42 [INFO ] [Hooks] - [closeBrowser] Scenario Status is: PASSED
2022-04-26 10:18:42 [INFO ] [Hooks] - [setUp] Scenario Started: Verify whether user is able to login without providing credentials
2022-04-26 10:18:42 [INFO ] [Browser] - [startBrowser] Selected Browser is: chrome
2022-04-26 10:18:46 [INFO ] [Browser] - [startBrowser] Chrome Browser is Started538292941
2022-04-26 10:18:53 [INFO ] [Hooks] - [closeBrowser] Scenario Completed: Verify whether user is able to login without providing credentials
2022-04-26 10:18:53 [INFO ] [Hooks] - [closeBrowser] Scenario Status is: PASSED
2022-04-26 10:18:54 [INFO ] [Hooks] - [setUp] Scenario Started: Verify whether user is able to reset the forgotten password
2022-04-26 10:18:54 [INFO ] [Browser] - [startBrowser] Selected Browser is: chrome
2022-04-26 10:18:58 [INFO ] [Browser] - [startBrowser] Chrome Browser is Started1818453711
2022-04-26 10:19:04 [INFO ] [Hooks] - [closeBrowser] Scenario Completed: Verify whether user is able to reset the forgotten password
2022-04-26 10:19:04 [INFO ] [Hooks] - [closeBrowser] Scenario Status is: PASSED
2022-04-26 10:19:05 [INFO ] [Hooks] - [setUp] Scenario Started: Verify whether user is able to place an order
2022-04-26 10:19:05 [INFO ] [Browser] - [startBrowser] Selected Browser is: chrome
2022-04-26 10:19:08 [INFO ] [Browser] - [startBrowser] Chrome Browser is Started1881309779
2022-04-26 10:19:47 [INFO ] [Hooks] - [closeBrowser] Scenario Completed: Verify whether user is able to place an order
2022-04-26 10:19:47 [INFO ] [Hooks] - [closeBrowser] Scenario Status is: FAILED
2022-04-26 10:19:47 [INFO ] [Hooks] - [setUp] Scenario Started: Verify whether the user is able to register into the application by providing all the fields
2022-04-26 10:19:47 [INFO ] [Browser] - [startBrowser] Selected Browser is: chrome
2022-04-26 10:19:50 [INFO ] [Browser] - [startBrowser] Chrome Browser is Started1907228381
2022-04-26 10:19:57 [INFO ] [Hooks] - [closeBrowser] Scenario Completed: Verify whether the user is able to register into the application by providing all the fields
2022-04-26 10:19:57 [INFO ] [Hooks] - [closeBrowser] Scenario Status is: FAILED
2022-04-26 10:19:58 [INFO ] [Hooks] - [setUp] Scenario Started: Verify whether the user is allowed or not to register on skipping mandatory fields
2022-04-26 10:19:58 [INFO ] [Browser] - [startBrowser] Selected Browser is: chrome
2022-04-26 10:20:02 [INFO ] [Browser] - [startBrowser] Chrome Browser is Started440815523
2022-04-26 10:20:09 [INFO ] [Hooks] - [closeBrowser] Scenario Completed: Verify whether the user is allowed or not to register on skipping mandatory fields
2022-04-26 10:20:09 [INFO ] [Hooks] - [closeBrowser] Scenario Status is: PASSED
2022-04-26 10:20:10 [INFO ] [Hooks] - [setUp] Scenario Started: Verify whether the user is able to register into application by opting for Newsletter subscription
2022-04-26 10:20:10 [INFO ] [Browser] - [startBrowser] Selected Browser is: chrome
2022-04-26 10:20:14 [INFO ] [Browser] - [startBrowser] Chrome Browser is Started673684041
2022-04-26 10:20:22 [INFO ] [Hooks] - [closeBrowser] Scenario Completed: Verify whether the user is able to register into application by opting for Newsletter subscription
2022-04-26 10:20:22 [INFO ] [Hooks] - [closeBrowser] Scenario Status is: FAILED
2022-04-26 10:20:22 [INFO ] [Hooks] - [setUp] Scenario Started: Verify whether the user is restricted from creating a duplicate account
2022-04-26 10:20:22 [INFO ] [Browser] - [startBrowser] Selected Browser is: chrome
2022-04-26 10:20:25 [INFO ] [Browser] - [startBrowser] Chrome Browser is Started1854922009
2022-04-26 10:20:33 [INFO ] [Hooks] - [closeBrowser] Scenario Completed: Verify whether the user is restricted from creating a duplicate account
2022-04-26 10:20:33 [INFO ] [Hooks] - [closeBrowser] Scenario Status is: PASSED
2022-04-26 10:20:33 [INFO ] [Hooks] - [setUp] Scenario Started: Verify whether the User is able to search for products
2022-04-26 10:20:33 [INFO ] [Browser] - [startBrowser] Selected Browser is: chrome
2022-04-26 10:20:37 [INFO ] [Browser] - [startBrowser] Chrome Browser is Started2093834526
2022-04-26 10:20:42 [INFO ] [Hooks] - [closeBrowser] Scenario Completed: Verify whether the User is able to search for products
2022-04-26 10:20:42 [INFO ] [Hooks] - [closeBrowser] Scenario Status is: PASSED
2022-04-26 10:20:43 [INFO ] [Hooks] - [setUp] Scenario Started: Verify whether user is informed when product being searched is not available
2022-04-26 10:20:43 [INFO ] [Browser] - [startBrowser] Selected Browser is: chrome
2022-04-26 10:20:46 [INFO ] [Browser] - [startBrowser] Chrome Browser is Started366098173
2022-04-26 10:20:51 [INFO ] [Hooks] - [closeBrowser] Scenario Completed: Verify whether user is informed when product being searched is not available
2022-04-26 10:20:51 [INFO ] [Hooks] - [closeBrowser] Scenario Status is: PASSED
